<?xml version="1.0" encoding="UTF-8"?>
<testng-results ignored="0" total="1" passed="1" failed="0" skipped="0">
  <reporter-output>
  </reporter-output>
  <suite started-at="2024-10-15T15:11:45 IST" name="Default suite" finished-at="2024-10-15T15:11:45 IST" duration-ms="66">
    <groups>
    </groups>
    <test started-at="2024-10-15T15:11:45 IST" name="Default test" finished-at="2024-10-15T15:11:45 IST" duration-ms="66">
      <class name="Demo.SampleTest">
        <test-method signature="m1()[pri:0, instance:Demo.SampleTest@7674f035]" started-at="2024-10-15T15:11:45 IST" name="m1" finished-at="2024-10-15T15:11:45 IST" duration-ms="12" status="PASS">
          <reporter-output>
          </reporter-output>
        </test-method> <!-- m1 -->
      </class> <!-- Demo.SampleTest -->
    </test> <!-- Default test -->
  </suite> <!-- Default suite -->
</testng-results>
